********************************************************************************
! Line numbers refer to the file "outDir/idl2matlab_sourcefile.pro" !
________________________________________________________________________________

Line 35 => unknown function  <psf_gaussian> at line 48 in outDir/fracspagauss.m
Line 70 => unknown function  <find_boundary> at line 83 in outDir/fracspagauss.m
Line 86 => unknown procedure <image_plot> at line 115 in outDir/fracspagauss.m
Line 89 => unknown function  <cgcolor> at line 119 in outDir/fracspagauss.m
Line 135 => unknown function  <moffat> at line 50 in outDir/fracspa.m
Line 170 => unknown function  <find_boundary> at line 85 in outDir/fracspa.m
Line 186 => unknown procedure <image_plot> at line 117 in outDir/fracspa.m
Line 189 => unknown function  <cgcolor> at line 121 in outDir/fracspa.m
Line 255 => unknown procedure <readcol> at line 20 in outDir/ab2vega.m
Line 284 => unknown procedure <readcol> at line 26 in outDir/sky.m
Line 285 => unknown function  <poly_fit> at line 27 in outDir/sky.m
Line 294 => unknown function  <poly_fit> at line 36 in outDir/sky.m
Line 302 => unknown procedure <set_ps> at line 47 in outDir/sky.m
Line 304 => unknown procedure <setplot_paper> at line 48 in outDir/sky.m
Line 305 => unknown function  <cgsymbol> at line 49 in outDir/sky.m
Line 305 => unknown function  <cgsymbol> at line 49 in outDir/sky.m
Line 308 => unknown function  <x2> at line 52 in outDir/sky.m
Line 308 => unknown function  <cgcolor> at line 52 in outDir/sky.m
Line 311 => unknown function  <range> at line 55 in outDir/sky.m
Line 315 => unknown function  <cgcolor> at line 60 in outDir/sky.m
Line 320 => unknown function  <cgcolor> at line 63 in outDir/sky.m
Line 322 => unknown procedure <set_ps> at line 65 in outDir/sky.m
Line 981 => unknown procedure <readcol> at line 455 in outDir/ghost_etc.m
Line 982 => unknown procedure <readcol> at line 457 in outDir/ghost_etc.m
Line 993 => unknown procedure <readcol> at line 466 in outDir/ghost_etc.m
Line 1015 => unknown procedure <readcol> at line 505 in outDir/ghost_etc.m
Line 1036 => unknown procedure <readcol> at line 528 in outDir/ghost_etc.m
Line 1040 => unknown procedure <readcol> at line 533 in outDir/ghost_etc.m
